
> career-guidance@0.1.0 build
> next build

   ▲ Next.js 15.5.12
   - Environments: .env
   - Experiments (use with caution):
     · cpus: 2

   Creating an optimized production build ...
 ⚠ Compiled with warnings in 93s

./src/app/api/teacher/homework/[id]/route.ts
Attempted import error: 'errorResponse' is not exported from '@/lib/api/route-handler' (imported as 'errorResponse').

Import trace for requested module:
./src/app/api/teacher/homework/[id]/route.ts

./src/app/api/teacher/homework/[id]/route.ts
Attempted import error: 'errorResponse' is not exported from '@/lib/api/route-handler' (imported as 'errorResponse').

Import trace for requested module:
./src/app/api/teacher/homework/[id]/route.ts

./src/app/api/teacher/homework/[id]/route.ts
Attempted import error: 'successResponse' is not exported from '@/lib/api/route-handler' (imported as 'successResponse').

Import trace for requested module:
./src/app/api/teacher/homework/[id]/route.ts

./src/app/api/teacher/homework/[id]/route.ts
Attempted import error: 'errorResponse' is not exported from '@/lib/api/route-handler' (imported as 'errorResponse').

Import trace for requested module:
./src/app/api/teacher/homework/[id]/route.ts

./src/app/api/teacher/homework/[id]/route.ts
Attempted import error: 'errorResponse' is not exported from '@/lib/api/route-handler' (imported as 'errorResponse').

Import trace for requested module:
./src/app/api/teacher/homework/[id]/route.ts

./src/app/api/teacher/homework/[id]/route.ts
Attempted import error: 'successResponse' is not exported from '@/lib/api/route-handler' (imported as 'successResponse').

Import trace for requested module:
./src/app/api/teacher/homework/[id]/route.ts

./src/app/api/teacher/homework/[id]/route.ts
Attempted import error: 'errorResponse' is not exported from '@/lib/api/route-handler' (imported as 'errorResponse').

Import trace for requested module:
./src/app/api/teacher/homework/[id]/route.ts

./src/app/api/teacher/homework/[id]/route.ts
Attempted import error: 'errorResponse' is not exported from '@/lib/api/route-handler' (imported as 'errorResponse').

Import trace for requested module:
./src/app/api/teacher/homework/[id]/route.ts

./src/app/api/teacher/homework/[id]/route.ts
Attempted import error: 'errorResponse' is not exported from '@/lib/api/route-handler' (imported as 'errorResponse').

Import trace for requested module:
./src/app/api/teacher/homework/[id]/route.ts

./src/app/api/teacher/homework/[id]/route.ts
Attempted import error: 'successResponse' is not exported from '@/lib/api/route-handler' (imported as 'successResponse').

Import trace for requested module:
./src/app/api/teacher/homework/[id]/route.ts

./src/app/api/teacher/homework/[id]/route.ts
Attempted import error: 'errorResponse' is not exported from '@/lib/api/route-handler' (imported as 'errorResponse').

Import trace for requested module:
./src/app/api/teacher/homework/[id]/route.ts

./src/app/api/teacher/homework/[id]/route.ts
Attempted import error: 'errorResponse' is not exported from '@/lib/api/route-handler' (imported as 'errorResponse').

Import trace for requested module:
./src/app/api/teacher/homework/[id]/route.ts

./src/app/api/teacher/homework/[id]/route.ts
Attempted import error: 'successResponse' is not exported from '@/lib/api/route-handler' (imported as 'successResponse').

Import trace for requested module:
./src/app/api/teacher/homework/[id]/route.ts

./src/app/api/teacher/homework/[id]/route.ts
Attempted import error: 'successResponse' is not exported from '@/lib/api/route-handler' (imported as 'successResponse').

Import trace for requested module:
./src/app/api/teacher/homework/[id]/route.ts

./src/app/api/teacher/homework/[id]/route.ts
Attempted import error: 'successResponse' is not exported from '@/lib/api/route-handler' (imported as 'successResponse').

Import trace for requested module:
./src/app/api/teacher/homework/[id]/route.ts

./src/app/api/teacher/homework/[id]/route.ts
Attempted import error: 'errorResponse' is not exported from '@/lib/api/route-handler' (imported as 'errorResponse').

Import trace for requested module:
./src/app/api/teacher/homework/[id]/route.ts

   Skipping validation of types
   Skipping linting
   Collecting page data ...
   Generating static pages (0/495) ...
 ⨯ Next.js build worker exited with code: 3221225794 and signal: null
